Performing C SOURCE FILE Test CMAKE_HAVE_LIBC_PTHREAD failed with the following output:
Change Dir: /home/japaw/Codes/B4M35PAG/hw_1_code_skeletons/cmake/cmake-build-debug/CMakeFiles/CMakeTmp

Run Build Command(s):/usr/bin/gmake -f Makefile cmTC_cc36e/fast && /usr/bin/gmake  -f CMakeFiles/cmTC_cc36e.dir/build.make CMakeFiles/cmTC_cc36e.dir/build
gmake[1]: Entering directory '/home/japaw/Codes/B4M35PAG/hw_1_code_skeletons/cmake/cmake-build-debug/CMakeFiles/CMakeTmp'
Building C object CMakeFiles/cmTC_cc36e.dir/src.c.o
/usr/bin/cc -DCMAKE_HAVE_LIBC_PTHREAD   -o CMakeFiles/cmTC_cc36e.dir/src.c.o -c /home/japaw/Codes/B4M35PAG/hw_1_code_skeletons/cmake/cmake-build-debug/CMakeFiles/CMakeTmp/src.c
Linking C executable cmTC_cc36e
/snap/clion/169/bin/cmake/linux/bin/cmake -E cmake_link_script CMakeFiles/cmTC_cc36e.dir/link.txt --verbose=1
/usr/bin/cc CMakeFiles/cmTC_cc36e.dir/src.c.o -o cmTC_cc36e 
/usr/bin/ld: CMakeFiles/cmTC_cc36e.dir/src.c.o: in function `main':
src.c:(.text+0x46): undefined reference to `pthread_create'
/usr/bin/ld: src.c:(.text+0x52): undefined reference to `pthread_detach'
/usr/bin/ld: src.c:(.text+0x5e): undefined reference to `pthread_cancel'
/usr/bin/ld: src.c:(.text+0x6f): undefined reference to `pthread_join'
collect2: error: ld returned 1 exit status
gmake[1]: *** [CMakeFiles/cmTC_cc36e.dir/build.make:99: cmTC_cc36e] Error 1
gmake[1]: Leaving directory '/home/japaw/Codes/B4M35PAG/hw_1_code_skeletons/cmake/cmake-build-debug/CMakeFiles/CMakeTmp'
gmake: *** [Makefile:127: cmTC_cc36e/fast] Error 2


Source file was:
#include <pthread.h>

static void* test_func(void* data)
{
  return data;
}

int main(void)
{
  pthread_t thread;
  pthread_create(&thread, NULL, test_func, NULL);
  pthread_detach(thread);
  pthread_cancel(thread);
  pthread_join(thread, NULL);
  pthread_atfork(NULL, NULL, NULL);
  pthread_exit(NULL);

  return 0;
}

Determining if the function pthread_create exists in the pthreads failed with the following output:
Change Dir: /home/japaw/Codes/B4M35PAG/hw_1_code_skeletons/cmake/cmake-build-debug/CMakeFiles/CMakeTmp

Run Build Command(s):/usr/bin/gmake -f Makefile cmTC_71dda/fast && /usr/bin/gmake  -f CMakeFiles/cmTC_71dda.dir/build.make CMakeFiles/cmTC_71dda.dir/build
gmake[1]: Entering directory '/home/japaw/Codes/B4M35PAG/hw_1_code_skeletons/cmake/cmake-build-debug/CMakeFiles/CMakeTmp'
Building C object CMakeFiles/cmTC_71dda.dir/CheckFunctionExists.c.o
/usr/bin/cc   -DCHECK_FUNCTION_EXISTS=pthread_create -o CMakeFiles/cmTC_71dda.dir/CheckFunctionExists.c.o -c /snap/clion/169/bin/cmake/linux/share/cmake-3.20/Modules/CheckFunctionExists.c
Linking C executable cmTC_71dda
/snap/clion/169/bin/cmake/linux/bin/cmake -E cmake_link_script CMakeFiles/cmTC_71dda.dir/link.txt --verbose=1
/usr/bin/cc  -DCHECK_FUNCTION_EXISTS=pthread_create CMakeFiles/cmTC_71dda.dir/CheckFunctionExists.c.o -o cmTC_71dda  -lpthreads 
/usr/bin/ld: cannot find -lpthreads
collect2: error: ld returned 1 exit status
gmake[1]: *** [CMakeFiles/cmTC_71dda.dir/build.make:99: cmTC_71dda] Error 1
gmake[1]: Leaving directory '/home/japaw/Codes/B4M35PAG/hw_1_code_skeletons/cmake/cmake-build-debug/CMakeFiles/CMakeTmp'
gmake: *** [Makefile:127: cmTC_71dda/fast] Error 2



